2013-12-24 04:20:25.719 MirrorMoney[78397:80b] Multi-tasking -> Device: YES, App: YES
2013-12-24 04:20:25.948 MirrorMoney[78397:80b] Unlimited access to network resources
2013-12-24 04:20:26.710 MirrorMoney[78397:80b] Resetting plugins due to page load.
2013-12-24 04:20:28.876 MirrorMoney[78397:80b] Finished load of: file:///Users/vli/Library/Application%20Support/iPhone%20Simulator/7.0.3/Applications/249ABFB1-5FCA-44C2-A189-543649C94221/MirrorMoney.app/www/index.html
Terminating in response to SpringBoard's termination.
2013-12-24 05:09:18.258 MirrorMoney[80742:80b] Multi-tasking -> Device: YES, App: YES
2013-12-24 05:09:18.369 MirrorMoney[80742:80b] Unlimited access to network resources
2013-12-24 05:09:20.507 MirrorMoney[80742:80b] Resetting plugins due to page load.
2013-12-24 05:09:20.833 MirrorMoney[80742:80b] Finished load of: file:///Users/vli/Library/Application%20Support/iPhone%20Simulator/7.0.3/Applications/249ABFB1-5FCA-44C2-A189-543649C94221/MirrorMoney.app/www/index.html
2013-12-25 04:20:05.278 MirrorMoney[83216:80b] Multi-tasking -> Device: YES, App: YES
2013-12-25 04:20:05.848 MirrorMoney[83216:80b] Unlimited access to network resources
2013-12-25 04:20:08.898 MirrorMoney[83216:80b] Resetting plugins due to page load.
2013-12-25 04:20:09.974 MirrorMoney[83216:80b] Finished load of: file:///Users/vli/Library/Application%20Support/iPhone%20Simulator/7.0.3/Applications/249ABFB1-5FCA-44C2-A189-543649C94221/MirrorMoney.app/www/index.html
2013-12-25 04:35:42.419 MirrorMoney[84765:80b] Multi-tasking -> Device: YES, App: YES
2013-12-25 04:35:42.512 MirrorMoney[84765:80b] Unlimited access to network resources
2013-12-25 04:35:42.853 MirrorMoney[84765:80b] Resetting plugins due to page load.
2013-12-25 04:35:43.148 MirrorMoney[84765:80b] Finished load of: file:///Users/vli/Library/Application%20Support/iPhone%20Simulator/7.0.3/Applications/249ABFB1-5FCA-44C2-A189-543649C94221/MirrorMoney.app/www/index.html
Terminating in response to SpringBoard's termination.
2013-12-25 04:46:05.192 MirrorMonkey[85590:80b] Multi-tasking -> Device: YES, App: YES
2013-12-25 04:46:05.200 MirrorMonkey[85590:80b] Unlimited access to network resources
2013-12-25 04:46:06.099 MirrorMonkey[85590:80b] Fix applied for database locations?: YES
2013-12-25 04:46:06.603 MirrorMonkey[85590:80b] Resetting plugins due to page load.
2013-12-25 04:46:07.829 MirrorMonkey[85590:80b] Finished load of: file:///Users/vli/Library/Application%20Support/iPhone%20Simulator/7.0.3/Applications/D88C6B8D-C36E-4965-88FD-7A26FF7A6D18/MirrorMonkey.app/www/index.html
2013-12-25 04:54:51.455 MirrorMonkey[86320:80b] Multi-tasking -> Device: YES, App: YES
2013-12-25 04:54:51.464 MirrorMonkey[86320:80b] Unlimited access to network resources
2013-12-25 04:54:51.916 MirrorMonkey[86320:80b] Resetting plugins due to page load.
2013-12-25 04:54:52.003 MirrorMonkey[86320:80b] Finished load of: file:///Users/vli/Library/Application%20Support/iPhone%20Simulator/7.0.3/Applications/D88C6B8D-C36E-4965-88FD-7A26FF7A6D18/MirrorMonkey.app/www/index.html
2013-12-25 04:56:39.126 MirrorMonkey[86981:80b] Multi-tasking -> Device: YES, App: YES
2013-12-25 04:56:39.136 MirrorMonkey[86981:80b] Unlimited access to network resources
2013-12-25 04:56:39.356 MirrorMonkey[86981:80b] Resetting plugins due to page load.
2013-12-25 04:56:39.395 MirrorMonkey[86981:80b] Finished load of: file:///Users/vli/Library/Application%20Support/iPhone%20Simulator/7.0.3/Applications/D88C6B8D-C36E-4965-88FD-7A26FF7A6D18/MirrorMonkey.app/www/index.html
2013-12-25 05:04:38.116 MirrorMonkey[87682:80b] Multi-tasking -> Device: YES, App: YES
2013-12-25 05:04:38.175 MirrorMonkey[87682:80b] Unlimited access to network resources
2013-12-25 05:04:38.541 MirrorMonkey[87682:80b] Resetting plugins due to page load.
2013-12-25 05:04:38.851 MirrorMonkey[87682:80b] Finished load of: file:///Users/vli/Library/Application%20Support/iPhone%20Simulator/7.0.3/Applications/D88C6B8D-C36E-4965-88FD-7A26FF7A6D18/MirrorMonkey.app/www/index.html
Terminating in response to SpringBoard's termination.
2013-12-25 20:45:52.202 MirrorMonkey[8073:80b] Multi-tasking -> Device: YES, App: YES
2013-12-25 20:45:52.467 MirrorMonkey[8073:80b] Unlimited access to network resources
2013-12-25 20:45:55.058 MirrorMonkey[8073:80b] Resetting plugins due to page load.
2013-12-25 20:45:55.922 MirrorMonkey[8073:80b] Finished load of: file:///Users/vli/Library/Application%20Support/iPhone%20Simulator/7.0.3/Applications/D88C6B8D-C36E-4965-88FD-7A26FF7A6D18/MirrorMonkey.app/www/index.html
2014-01-01 19:56:05.382 MirrorMonkey[3502:80b] Multi-tasking -> Device: YES, App: YES
2014-01-01 19:56:05.917 MirrorMonkey[3502:80b] Unlimited access to network resources
2014-01-01 19:56:09.616 MirrorMonkey[3502:80b] Resetting plugins due to page load.
2014-01-01 19:56:10.428 MirrorMonkey[3502:80b] Finished load of: file:///Users/vli/Library/Application%20Support/iPhone%20Simulator/7.0.3/Applications/D88C6B8D-C36E-4965-88FD-7A26FF7A6D18/MirrorMonkey.app/www/index.html
2014-01-01 19:57:02.969 MirrorMonkey[3502:80b] Resetting plugins due to page load.
2014-01-01 19:57:03.060 MirrorMonkey[3502:80b] Finished load of: file:///Users/vli/Library/Application%20Support/iPhone%20Simulator/7.0.3/Applications/D88C6B8D-C36E-4965-88FD-7A26FF7A6D18/MirrorMonkey.app/www/index.html
2014-01-01 19:58:51.306 MirrorMonkey[3502:80b] Resetting plugins due to page load.
2014-01-01 19:58:51.426 MirrorMonkey[3502:80b] Finished load of: file:///Users/vli/Library/Application%20Support/iPhone%20Simulator/7.0.3/Applications/D88C6B8D-C36E-4965-88FD-7A26FF7A6D18/MirrorMonkey.app/www/index.html
2014-01-01 19:59:33.253 MirrorMonkey[4134:80b] Multi-tasking -> Device: YES, App: YES
2014-01-01 19:59:33.262 MirrorMonkey[4134:80b] Unlimited access to network resources
2014-01-01 19:59:33.562 MirrorMonkey[4134:80b] Resetting plugins due to page load.
2014-01-01 19:59:33.806 MirrorMonkey[4134:80b] Finished load of: file:///Users/vli/Library/Application%20Support/iPhone%20Simulator/7.0.3/Applications/D88C6B8D-C36E-4965-88FD-7A26FF7A6D18/MirrorMonkey.app/www/index.html
2014-01-01 20:01:04.605 MirrorMonkey[4134:80b] Resetting plugins due to page load.
2014-01-01 20:01:04.839 MirrorMonkey[4134:80b] Finished load of: file:///Users/vli/Library/Application%20Support/iPhone%20Simulator/7.0.3/Applications/D88C6B8D-C36E-4965-88FD-7A26FF7A6D18/MirrorMonkey.app/www/index.html
2014-01-01 20:05:28.816 MirrorMonkey[4786:80b] Multi-tasking -> Device: YES, App: YES
2014-01-01 20:05:28.824 MirrorMonkey[4786:80b] Unlimited access to network resources
2014-01-01 20:05:29.050 MirrorMonkey[4786:80b] Resetting plugins due to page load.
2014-01-01 20:05:29.314 MirrorMonkey[4786:80b] Finished load of: file:///Users/vli/Library/Application%20Support/iPhone%20Simulator/7.0.3/Applications/D88C6B8D-C36E-4965-88FD-7A26FF7A6D18/MirrorMonkey.app/www/index.html
2014-01-01 20:19:28.842 MirrorMonkey[4786:80b] Resetting plugins due to page load.
2014-01-01 20:19:29.108 MirrorMonkey[4786:80b] Finished load of: file:///Users/vli/Library/Application%20Support/iPhone%20Simulator/7.0.3/Applications/D88C6B8D-C36E-4965-88FD-7A26FF7A6D18/MirrorMonkey.app/www/index.html#/home
2014-01-01 20:19:43.846 MirrorMonkey[4786:80b] Resetting plugins due to page load.
2014-01-01 20:19:44.101 MirrorMonkey[4786:80b] Finished load of: file:///Users/vli/Library/Application%20Support/iPhone%20Simulator/7.0.3/Applications/D88C6B8D-C36E-4965-88FD-7A26FF7A6D18/MirrorMonkey.app/www/index.html#/home
2014-01-01 20:20:04.941 MirrorMonkey[4786:80b] Resetting plugins due to page load.
2014-01-01 20:20:05.223 MirrorMonkey[4786:80b] Finished load of: file:///Users/vli/Library/Application%20Support/iPhone%20Simulator/7.0.3/Applications/D88C6B8D-C36E-4965-88FD-7A26FF7A6D18/MirrorMonkey.app/www/index.html#/home
2014-01-01 20:21:31.016 MirrorMonkey[4786:80b] Resetting plugins due to page load.
2014-01-01 20:21:31.287 MirrorMonkey[4786:80b] Finished load of: file:///Users/vli/Library/Application%20Support/iPhone%20Simulator/7.0.3/Applications/D88C6B8D-C36E-4965-88FD-7A26FF7A6D18/MirrorMonkey.app/www/index.html#/home
2014-01-01 20:23:25.262 MirrorMonkey[5487:80b] Multi-tasking -> Device: YES, App: YES
2014-01-01 20:23:25.270 MirrorMonkey[5487:80b] Unlimited access to network resources
2014-01-01 20:23:25.488 MirrorMonkey[5487:80b] Resetting plugins due to page load.
2014-01-01 20:23:25.698 MirrorMonkey[5487:80b] Finished load of: file:///Users/vli/Library/Application%20Support/iPhone%20Simulator/7.0.3/Applications/D88C6B8D-C36E-4965-88FD-7A26FF7A6D18/MirrorMonkey.app/www/index.html
2014-01-01 20:23:47.187 MirrorMonkey[5487:80b] Resetting plugins due to page load.
2014-01-01 20:23:47.475 MirrorMonkey[5487:80b] Finished load of: file:///Users/vli/Library/Application%20Support/iPhone%20Simulator/7.0.3/Applications/D88C6B8D-C36E-4965-88FD-7A26FF7A6D18/MirrorMonkey.app/www/index.html#/home
2014-01-01 20:26:19.958 MirrorMonkey[6123:80b] Multi-tasking -> Device: YES, App: YES
2014-01-01 20:26:19.966 MirrorMonkey[6123:80b] Unlimited access to network resources
2014-01-01 20:26:20.285 MirrorMonkey[6123:80b] Resetting plugins due to page load.
2014-01-01 20:26:20.548 MirrorMonkey[6123:80b] Finished load of: file:///Users/vli/Library/Application%20Support/iPhone%20Simulator/7.0.3/Applications/D88C6B8D-C36E-4965-88FD-7A26FF7A6D18/MirrorMonkey.app/www/index.html
2014-01-01 20:26:57.137 MirrorMonkey[6123:80b] Resetting plugins due to page load.
2014-01-01 20:26:57.398 MirrorMonkey[6123:80b] Finished load of: file:///Users/vli/Library/Application%20Support/iPhone%20Simulator/7.0.3/Applications/D88C6B8D-C36E-4965-88FD-7A26FF7A6D18/MirrorMonkey.app/www/index.html#/home
2014-01-07 00:17:34.892 MirrorMonkey[38815:80b] Multi-tasking -> Device: YES, App: YES
2014-01-07 00:17:35.088 MirrorMonkey[38815:80b] Unlimited access to network resources
2014-01-07 00:17:41.364 MirrorMonkey[38815:80b] Resetting plugins due to page load.
2014-01-07 00:17:41.719 MirrorMonkey[38815:80b] Finished load of: file:///Users/vli/Library/Application%20Support/iPhone%20Simulator/7.0.3/Applications/D88C6B8D-C36E-4965-88FD-7A26FF7A6D18/MirrorMonkey.app/www/index.html
2014-01-07 00:17:55.444 MirrorMonkey[39043:80b] Multi-tasking -> Device: YES, App: YES
2014-01-07 00:17:55.453 MirrorMonkey[39043:80b] Unlimited access to network resources
2014-01-07 00:17:55.636 MirrorMonkey[39043:80b] Resetting plugins due to page load.
2014-01-07 00:17:55.675 MirrorMonkey[39043:80b] Finished load of: file:///Users/vli/Library/Application%20Support/iPhone%20Simulator/7.0.3/Applications/D88C6B8D-C36E-4965-88FD-7A26FF7A6D18/MirrorMonkey.app/www/index.html
2014-01-07 01:01:43.276 MirrorMonkey[41199:80b] Multi-tasking -> Device: YES, App: YES
2014-01-07 01:01:43.408 MirrorMonkey[41199:80b] Unlimited access to network resources
2014-01-07 01:01:44.996 MirrorMonkey[41199:80b] Resetting plugins due to page load.
2014-01-07 01:01:46.591 MirrorMonkey[41199:80b] Finished load of: file:///Users/vli/Library/Application%20Support/iPhone%20Simulator/7.0.3/Applications/989ABA1A-EA2C-4A7C-BC3B-901C59BE234B/MirrorMonkey.app/www/index.html
Terminating in response to SpringBoard's termination.
